2021-08-22 00:02:51.297  INFO 20436 --- [http-nio-9000-exec-1] com.zaxxer.hikari.HikariDataSource       : HikariPool-1 - Starting...
2021-08-22 00:02:51.514  INFO 20436 --- [http-nio-9000-exec-1] com.zaxxer.hikari.HikariDataSource       : HikariPool-1 - Start completed.
2021-08-22 00:17:41.438  INFO 12660 --- [main] c.y.s.SpringbootJdbcMybatisApplication   : Starting SpringbootJdbcMybatisApplication using Java 1.8.0_144 on DESKTOP-HPCU0TI with PID 12660 (D:\springboot_jdbc_mybatis\target\classes started by Clara in D:\springboot_jdbc_mybatis)
2021-08-22 00:17:41.440  INFO 12660 --- [main] c.y.s.SpringbootJdbcMybatisApplication   : No active profile set, falling back to default profiles: default
2021-08-22 00:17:41.494  INFO 12660 --- [main] .e.DevToolsPropertyDefaultsPostProcessor : Devtools property defaults active! Set 'spring.devtools.add-properties' to 'false' to disable
2021-08-22 00:17:41.495  INFO 12660 --- [main] .e.DevToolsPropertyDefaultsPostProcessor : For additional web related logging consider setting the 'logging.level.web' property to 'DEBUG'
2021-08-22 00:17:42.071  INFO 12660 --- [main] .s.d.r.c.RepositoryConfigurationDelegate : Multiple Spring Data modules found, entering strict repository configuration mode!
2021-08-22 00:17:42.074  INFO 12660 --- [main] .s.d.r.c.RepositoryConfigurationDelegate : Bootstrapping Spring Data Redis repositories in DEFAULT mode.
2021-08-22 00:17:42.100  INFO 12660 --- [main] .s.d.r.c.RepositoryConfigurationDelegate : Finished Spring Data repository scanning in 10 ms. Found 0 Redis repository interfaces.
2021-08-22 00:17:43.224  INFO 12660 --- [main] o.s.b.w.embedded.tomcat.TomcatWebServer  : Tomcat initialized with port(s): 9000 (http)
2021-08-22 00:17:43.236  INFO 12660 --- [main] o.apache.catalina.core.StandardService   : Starting service [Tomcat]
2021-08-22 00:17:43.237  INFO 12660 --- [main] org.apache.catalina.core.StandardEngine  : Starting Servlet engine: [Apache Tomcat/9.0.41]
2021-08-22 00:17:43.326  INFO 12660 --- [main] o.a.c.c.C.[Tomcat].[localhost].[/]       : Initializing Spring embedded WebApplicationContext
2021-08-22 00:17:43.326  INFO 12660 --- [main] w.s.c.ServletWebServerApplicationContext : Root WebApplicationContext: initialization completed in 1830 ms
2021-08-22 00:17:44.776  INFO 12660 --- [main] o.s.b.d.a.OptionalLiveReloadServer       : LiveReload server is running on port 35729
2021-08-22 00:17:44.857  INFO 12660 --- [main] o.s.b.w.embedded.tomcat.TomcatWebServer  : Tomcat started on port(s): 9000 (http) with context path ''
2021-08-22 00:17:44.871  INFO 12660 --- [main] c.y.s.SpringbootJdbcMybatisApplication   : Started SpringbootJdbcMybatisApplication in 4.261 seconds (JVM running for 7.18)
2021-08-22 00:18:47.524  INFO 12660 --- [http-nio-9000-exec-1] o.a.c.c.C.[Tomcat].[localhost].[/]       : Initializing Spring DispatcherServlet 'dispatcherServlet'
2021-08-22 00:18:47.524  INFO 12660 --- [http-nio-9000-exec-1] o.s.web.servlet.DispatcherServlet        : Initializing Servlet 'dispatcherServlet'
2021-08-22 00:18:47.525  INFO 12660 --- [http-nio-9000-exec-1] o.s.web.servlet.DispatcherServlet        : Completed initialization in 1 ms
2021-08-22 00:19:09.122  INFO 12660 --- [http-nio-9000-exec-3] com.zaxxer.hikari.HikariDataSource       : HikariPool-1 - Starting...
2021-08-22 00:19:09.286  INFO 12660 --- [http-nio-9000-exec-3] com.zaxxer.hikari.HikariDataSource       : HikariPool-1 - Start completed.
2021-08-22 00:20:12.615  INFO 21480 --- [main] c.y.s.SpringbootJdbcMybatisApplication   : Starting SpringbootJdbcMybatisApplication using Java 1.8.0_144 on DESKTOP-HPCU0TI with PID 21480 (D:\springboot_jdbc_mybatis\target\classes started by Clara in D:\springboot_jdbc_mybatis)
2021-08-22 00:20:12.617  INFO 21480 --- [main] c.y.s.SpringbootJdbcMybatisApplication   : No active profile set, falling back to default profiles: default
2021-08-22 00:20:12.671  INFO 21480 --- [main] .e.DevToolsPropertyDefaultsPostProcessor : Devtools property defaults active! Set 'spring.devtools.add-properties' to 'false' to disable
2021-08-22 00:20:12.672  INFO 21480 --- [main] .e.DevToolsPropertyDefaultsPostProcessor : For additional web related logging consider setting the 'logging.level.web' property to 'DEBUG'
2021-08-22 00:20:13.404  INFO 21480 --- [main] .s.d.r.c.RepositoryConfigurationDelegate : Multiple Spring Data modules found, entering strict repository configuration mode!
2021-08-22 00:20:13.407  INFO 21480 --- [main] .s.d.r.c.RepositoryConfigurationDelegate : Bootstrapping Spring Data Redis repositories in DEFAULT mode.
2021-08-22 00:20:13.439  INFO 21480 --- [main] .s.d.r.c.RepositoryConfigurationDelegate : Finished Spring Data repository scanning in 13 ms. Found 0 Redis repository interfaces.
2021-08-22 00:20:14.372  INFO 21480 --- [main] o.s.b.w.embedded.tomcat.TomcatWebServer  : Tomcat initialized with port(s): 9000 (http)
2021-08-22 00:20:14.382  INFO 21480 --- [main] o.apache.catalina.core.StandardService   : Starting service [Tomcat]
2021-08-22 00:20:14.383  INFO 21480 --- [main] org.apache.catalina.core.StandardEngine  : Starting Servlet engine: [Apache Tomcat/9.0.41]
2021-08-22 00:20:14.469  INFO 21480 --- [main] o.a.c.c.C.[Tomcat].[localhost].[/]       : Initializing Spring embedded WebApplicationContext
2021-08-22 00:20:14.469  INFO 21480 --- [main] w.s.c.ServletWebServerApplicationContext : Root WebApplicationContext: initialization completed in 1797 ms
2021-08-22 00:20:15.858  INFO 21480 --- [main] o.s.b.d.a.OptionalLiveReloadServer       : LiveReload server is running on port 35729
2021-08-22 00:20:15.908  INFO 21480 --- [main] o.s.b.w.embedded.tomcat.TomcatWebServer  : Tomcat started on port(s): 9000 (http) with context path ''
2021-08-22 00:20:15.917  INFO 21480 --- [main] c.y.s.SpringbootJdbcMybatisApplication   : Started SpringbootJdbcMybatisApplication in 3.984 seconds (JVM running for 7.675)
2021-08-22 00:20:23.854  INFO 21480 --- [http-nio-9000-exec-1] o.a.c.c.C.[Tomcat].[localhost].[/]       : Initializing Spring DispatcherServlet 'dispatcherServlet'
2021-08-22 00:20:23.855  INFO 21480 --- [http-nio-9000-exec-1] o.s.web.servlet.DispatcherServlet        : Initializing Servlet 'dispatcherServlet'
2021-08-22 00:20:23.856  INFO 21480 --- [http-nio-9000-exec-1] o.s.web.servlet.DispatcherServlet        : Completed initialization in 1 ms
2021-08-22 00:26:52.898  INFO 21480 --- [http-nio-9000-exec-6] com.zaxxer.hikari.HikariDataSource       : HikariPool-1 - Starting...
2021-08-22 00:26:53.058  INFO 21480 --- [http-nio-9000-exec-6] com.zaxxer.hikari.HikariDataSource       : HikariPool-1 - Start completed.
2021-08-22 00:32:16.536  INFO 15604 --- [main] c.y.s.SpringbootJdbcMybatisApplication   : Starting SpringbootJdbcMybatisApplication using Java 1.8.0_144 on DESKTOP-HPCU0TI with PID 15604 (D:\springboot_jdbc_mybatis\target\classes started by Clara in D:\springboot_jdbc_mybatis)
2021-08-22 00:32:16.537  INFO 15604 --- [main] c.y.s.SpringbootJdbcMybatisApplication   : No active profile set, falling back to default profiles: default
2021-08-22 00:32:16.597  INFO 15604 --- [main] .e.DevToolsPropertyDefaultsPostProcessor : Devtools property defaults active! Set 'spring.devtools.add-properties' to 'false' to disable
2021-08-22 00:32:16.598  INFO 15604 --- [main] .e.DevToolsPropertyDefaultsPostProcessor : For additional web related logging consider setting the 'logging.level.web' property to 'DEBUG'
2021-08-22 00:32:17.214  INFO 15604 --- [main] .s.d.r.c.RepositoryConfigurationDelegate : Multiple Spring Data modules found, entering strict repository configuration mode!
2021-08-22 00:32:17.217  INFO 15604 --- [main] .s.d.r.c.RepositoryConfigurationDelegate : Bootstrapping Spring Data Redis repositories in DEFAULT mode.
2021-08-22 00:32:17.250  INFO 15604 --- [main] .s.d.r.c.RepositoryConfigurationDelegate : Finished Spring Data repository scanning in 9 ms. Found 0 Redis repository interfaces.
2021-08-22 00:32:18.139  INFO 15604 --- [main] o.s.b.w.embedded.tomcat.TomcatWebServer  : Tomcat initialized with port(s): 9000 (http)
2021-08-22 00:32:18.150  INFO 15604 --- [main] o.apache.catalina.core.StandardService   : Starting service [Tomcat]
2021-08-22 00:32:18.150  INFO 15604 --- [main] org.apache.catalina.core.StandardEngine  : Starting Servlet engine: [Apache Tomcat/9.0.41]
2021-08-22 00:32:18.238  INFO 15604 --- [main] o.a.c.c.C.[Tomcat].[localhost].[/]       : Initializing Spring embedded WebApplicationContext
2021-08-22 00:32:18.238  INFO 15604 --- [main] w.s.c.ServletWebServerApplicationContext : Root WebApplicationContext: initialization completed in 1639 ms
2021-08-22 00:32:19.359  INFO 15604 --- [main] o.s.b.d.a.OptionalLiveReloadServer       : LiveReload server is running on port 35729
2021-08-22 00:32:19.407  INFO 15604 --- [main] o.s.b.w.embedded.tomcat.TomcatWebServer  : Tomcat started on port(s): 9000 (http) with context path ''
2021-08-22 00:32:19.416  INFO 15604 --- [main] c.y.s.SpringbootJdbcMybatisApplication   : Started SpringbootJdbcMybatisApplication in 3.599 seconds (JVM running for 6.335)
2021-08-22 00:32:20.750  INFO 15604 --- [http-nio-9000-exec-1] o.a.c.c.C.[Tomcat].[localhost].[/]       : Initializing Spring DispatcherServlet 'dispatcherServlet'
2021-08-22 00:32:20.750  INFO 15604 --- [http-nio-9000-exec-1] o.s.web.servlet.DispatcherServlet        : Initializing Servlet 'dispatcherServlet'
2021-08-22 00:32:20.751  INFO 15604 --- [http-nio-9000-exec-1] o.s.web.servlet.DispatcherServlet        : Completed initialization in 1 ms
2021-08-22 00:32:37.328  INFO 15604 --- [http-nio-9000-exec-4] com.zaxxer.hikari.HikariDataSource       : HikariPool-1 - Starting...
2021-08-22 00:32:37.477  INFO 15604 --- [http-nio-9000-exec-4] com.zaxxer.hikari.HikariDataSource       : HikariPool-1 - Start completed.
2021-08-22 00:33:47.325  INFO 12340 --- [main] c.y.s.SpringbootJdbcMybatisApplication   : Starting SpringbootJdbcMybatisApplication using Java 1.8.0_144 on DESKTOP-HPCU0TI with PID 12340 (D:\springboot_jdbc_mybatis\target\classes started by Clara in D:\springboot_jdbc_mybatis)
2021-08-22 00:33:47.326  INFO 12340 --- [main] c.y.s.SpringbootJdbcMybatisApplication   : No active profile set, falling back to default profiles: default
2021-08-22 00:33:47.386  INFO 12340 --- [main] .e.DevToolsPropertyDefaultsPostProcessor : Devtools property defaults active! Set 'spring.devtools.add-properties' to 'false' to disable
2021-08-22 00:33:47.386  INFO 12340 --- [main] .e.DevToolsPropertyDefaultsPostProcessor : For additional web related logging consider setting the 'logging.level.web' property to 'DEBUG'
2021-08-22 00:33:48.006  INFO 12340 --- [main] .s.d.r.c.RepositoryConfigurationDelegate : Multiple Spring Data modules found, entering strict repository configuration mode!
2021-08-22 00:33:48.009  INFO 12340 --- [main] .s.d.r.c.RepositoryConfigurationDelegate : Bootstrapping Spring Data Redis repositories in DEFAULT mode.
2021-08-22 00:33:48.043  INFO 12340 --- [main] .s.d.r.c.RepositoryConfigurationDelegate : Finished Spring Data repository scanning in 10 ms. Found 0 Redis repository interfaces.
2021-08-22 00:33:48.934  INFO 12340 --- [main] o.s.b.w.embedded.tomcat.TomcatWebServer  : Tomcat initialized with port(s): 9000 (http)
2021-08-22 00:33:48.944  INFO 12340 --- [main] o.apache.catalina.core.StandardService   : Starting service [Tomcat]
2021-08-22 00:33:48.944  INFO 12340 --- [main] org.apache.catalina.core.StandardEngine  : Starting Servlet engine: [Apache Tomcat/9.0.41]
2021-08-22 00:33:49.025  INFO 12340 --- [main] o.a.c.c.C.[Tomcat].[localhost].[/]       : Initializing Spring embedded WebApplicationContext
2021-08-22 00:33:49.025  INFO 12340 --- [main] w.s.c.ServletWebServerApplicationContext : Root WebApplicationContext: initialization completed in 1638 ms
2021-08-22 00:33:50.161  INFO 12340 --- [main] o.s.b.d.a.OptionalLiveReloadServer       : LiveReload server is running on port 35729
2021-08-22 00:33:50.206  INFO 12340 --- [main] o.s.b.w.embedded.tomcat.TomcatWebServer  : Tomcat started on port(s): 9000 (http) with context path ''
2021-08-22 00:33:50.217  INFO 12340 --- [main] c.y.s.SpringbootJdbcMybatisApplication   : Started SpringbootJdbcMybatisApplication in 3.617 seconds (JVM running for 6.41)
2021-08-22 00:34:19.311  INFO 12340 --- [http-nio-9000-exec-1] o.a.c.c.C.[Tomcat].[localhost].[/]       : Initializing Spring DispatcherServlet 'dispatcherServlet'
2021-08-22 00:34:19.312  INFO 12340 --- [http-nio-9000-exec-1] o.s.web.servlet.DispatcherServlet        : Initializing Servlet 'dispatcherServlet'
2021-08-22 00:34:19.313  INFO 12340 --- [http-nio-9000-exec-1] o.s.web.servlet.DispatcherServlet        : Completed initialization in 1 ms
2021-08-22 00:34:19.426  INFO 12340 --- [http-nio-9000-exec-1] com.zaxxer.hikari.HikariDataSource       : HikariPool-1 - Starting...
2021-08-22 00:34:19.567  INFO 12340 --- [http-nio-9000-exec-1] com.zaxxer.hikari.HikariDataSource       : HikariPool-1 - Start completed.
2021-08-22 00:35:15.979  INFO 13120 --- [main] c.y.s.SpringbootJdbcMybatisApplication   : Starting SpringbootJdbcMybatisApplication using Java 1.8.0_144 on DESKTOP-HPCU0TI with PID 13120 (D:\springboot_jdbc_mybatis\target\classes started by Clara in D:\springboot_jdbc_mybatis)
2021-08-22 00:35:15.980  INFO 13120 --- [main] c.y.s.SpringbootJdbcMybatisApplication   : No active profile set, falling back to default profiles: default
2021-08-22 00:35:16.032  INFO 13120 --- [main] .e.DevToolsPropertyDefaultsPostProcessor : Devtools property defaults active! Set 'spring.devtools.add-properties' to 'false' to disable
2021-08-22 00:35:16.033  INFO 13120 --- [main] .e.DevToolsPropertyDefaultsPostProcessor : For additional web related logging consider setting the 'logging.level.web' property to 'DEBUG'
2021-08-22 00:35:16.636  INFO 13120 --- [main] .s.d.r.c.RepositoryConfigurationDelegate : Multiple Spring Data modules found, entering strict repository configuration mode!
2021-08-22 00:35:16.638  INFO 13120 --- [main] .s.d.r.c.RepositoryConfigurationDelegate : Bootstrapping Spring Data Redis repositories in DEFAULT mode.
2021-08-22 00:35:16.663  INFO 13120 --- [main] .s.d.r.c.RepositoryConfigurationDelegate : Finished Spring Data repository scanning in 10 ms. Found 0 Redis repository interfaces.
2021-08-22 00:35:17.677  INFO 13120 --- [main] o.s.b.w.embedded.tomcat.TomcatWebServer  : Tomcat initialized with port(s): 9000 (http)
2021-08-22 00:35:17.688  INFO 13120 --- [main] o.apache.catalina.core.StandardService   : Starting service [Tomcat]
2021-08-22 00:35:17.689  INFO 13120 --- [main] org.apache.catalina.core.StandardEngine  : Starting Servlet engine: [Apache Tomcat/9.0.41]
2021-08-22 00:35:17.779  INFO 13120 --- [main] o.a.c.c.C.[Tomcat].[localhost].[/]       : Initializing Spring embedded WebApplicationContext
2021-08-22 00:35:17.779  INFO 13120 --- [main] w.s.c.ServletWebServerApplicationContext : Root WebApplicationContext: initialization completed in 1745 ms
2021-08-22 00:35:19.175  INFO 13120 --- [main] o.s.b.d.a.OptionalLiveReloadServer       : LiveReload server is running on port 35729
2021-08-22 00:35:19.234  INFO 13120 --- [main] o.s.b.w.embedded.tomcat.TomcatWebServer  : Tomcat started on port(s): 9000 (http) with context path ''
2021-08-22 00:35:19.252  INFO 13120 --- [main] c.y.s.SpringbootJdbcMybatisApplication   : Started SpringbootJdbcMybatisApplication in 3.877 seconds (JVM running for 6.843)
2021-08-22 00:35:26.448  INFO 13120 --- [http-nio-9000-exec-1] o.a.c.c.C.[Tomcat].[localhost].[/]       : Initializing Spring DispatcherServlet 'dispatcherServlet'
2021-08-22 00:35:26.449  INFO 13120 --- [http-nio-9000-exec-1] o.s.web.servlet.DispatcherServlet        : Initializing Servlet 'dispatcherServlet'
2021-08-22 00:35:26.450  INFO 13120 --- [http-nio-9000-exec-1] o.s.web.servlet.DispatcherServlet        : Completed initialization in 1 ms
2021-08-22 00:35:26.526  INFO 13120 --- [http-nio-9000-exec-2] com.zaxxer.hikari.HikariDataSource       : HikariPool-1 - Starting...
2021-08-22 00:35:26.678  INFO 13120 --- [http-nio-9000-exec-2] com.zaxxer.hikari.HikariDataSource       : HikariPool-1 - Start completed.
2021-08-22 00:39:00.411  INFO 15020 --- [main] c.y.s.SpringbootJdbcMybatisApplication   : Starting SpringbootJdbcMybatisApplication using Java 1.8.0_144 on DESKTOP-HPCU0TI with PID 15020 (D:\springboot_jdbc_mybatis\target\classes started by Clara in D:\springboot_jdbc_mybatis)
2021-08-22 00:39:00.412  INFO 15020 --- [main] c.y.s.SpringbootJdbcMybatisApplication   : No active profile set, falling back to default profiles: default
2021-08-22 00:39:00.475  INFO 15020 --- [main] .e.DevToolsPropertyDefaultsPostProcessor : Devtools property defaults active! Set 'spring.devtools.add-properties' to 'false' to disable
2021-08-22 00:39:00.475  INFO 15020 --- [main] .e.DevToolsPropertyDefaultsPostProcessor : For additional web related logging consider setting the 'logging.level.web' property to 'DEBUG'
2021-08-22 00:39:01.312  INFO 15020 --- [main] .s.d.r.c.RepositoryConfigurationDelegate : Multiple Spring Data modules found, entering strict repository configuration mode!
2021-08-22 00:39:01.315  INFO 15020 --- [main] .s.d.r.c.RepositoryConfigurationDelegate : Bootstrapping Spring Data Redis repositories in DEFAULT mode.
2021-08-22 00:39:01.340  INFO 15020 --- [main] .s.d.r.c.RepositoryConfigurationDelegate : Finished Spring Data repository scanning in 9 ms. Found 0 Redis repository interfaces.
2021-08-22 00:39:02.288  INFO 15020 --- [main] o.s.b.w.embedded.tomcat.TomcatWebServer  : Tomcat initialized with port(s): 9000 (http)
2021-08-22 00:39:02.300  INFO 15020 --- [main] o.apache.catalina.core.StandardService   : Starting service [Tomcat]
2021-08-22 00:39:02.300  INFO 15020 --- [main] org.apache.catalina.core.StandardEngine  : Starting Servlet engine: [Apache Tomcat/9.0.41]
2021-08-22 00:39:02.387  INFO 15020 --- [main] o.a.c.c.C.[Tomcat].[localhost].[/]       : Initializing Spring embedded WebApplicationContext
2021-08-22 00:39:02.387  INFO 15020 --- [main] w.s.c.ServletWebServerApplicationContext : Root WebApplicationContext: initialization completed in 1911 ms
2021-08-22 00:39:03.720  INFO 15020 --- [main] o.s.b.d.a.OptionalLiveReloadServer       : LiveReload server is running on port 35729
2021-08-22 00:39:03.768  INFO 15020 --- [main] o.s.b.w.embedded.tomcat.TomcatWebServer  : Tomcat started on port(s): 9000 (http) with context path ''
2021-08-22 00:39:03.779  INFO 15020 --- [main] c.y.s.SpringbootJdbcMybatisApplication   : Started SpringbootJdbcMybatisApplication in 4.069 seconds (JVM running for 7.746)
2021-08-22 00:39:07.842  INFO 15020 --- [http-nio-9000-exec-3] o.a.c.c.C.[Tomcat].[localhost].[/]       : Initializing Spring DispatcherServlet 'dispatcherServlet'
2021-08-22 00:39:07.842  INFO 15020 --- [http-nio-9000-exec-3] o.s.web.servlet.DispatcherServlet        : Initializing Servlet 'dispatcherServlet'
2021-08-22 00:39:07.843  INFO 15020 --- [http-nio-9000-exec-3] o.s.web.servlet.DispatcherServlet        : Completed initialization in 1 ms
2021-08-22 00:39:07.903  INFO 15020 --- [http-nio-9000-exec-4] com.zaxxer.hikari.HikariDataSource       : HikariPool-1 - Starting...
2021-08-22 00:39:08.044  INFO 15020 --- [http-nio-9000-exec-4] com.zaxxer.hikari.HikariDataSource       : HikariPool-1 - Start completed.
2021-08-22 00:40:06.227  INFO 2952 --- [main] c.y.s.SpringbootJdbcMybatisApplication   : Starting SpringbootJdbcMybatisApplication using Java 1.8.0_144 on DESKTOP-HPCU0TI with PID 2952 (D:\springboot_jdbc_mybatis\target\classes started by Clara in D:\springboot_jdbc_mybatis)
2021-08-22 00:40:06.228  INFO 2952 --- [main] c.y.s.SpringbootJdbcMybatisApplication   : No active profile set, falling back to default profiles: default
2021-08-22 00:40:06.281  INFO 2952 --- [main] .e.DevToolsPropertyDefaultsPostProcessor : Devtools property defaults active! Set 'spring.devtools.add-properties' to 'false' to disable
2021-08-22 00:40:06.282  INFO 2952 --- [main] .e.DevToolsPropertyDefaultsPostProcessor : For additional web related logging consider setting the 'logging.level.web' property to 'DEBUG'
2021-08-22 00:40:07.030  INFO 2952 --- [main] .s.d.r.c.RepositoryConfigurationDelegate : Multiple Spring Data modules found, entering strict repository configuration mode!
2021-08-22 00:40:07.033  INFO 2952 --- [main] .s.d.r.c.RepositoryConfigurationDelegate : Bootstrapping Spring Data Redis repositories in DEFAULT mode.
2021-08-22 00:40:07.066  INFO 2952 --- [main] .s.d.r.c.RepositoryConfigurationDelegate : Finished Spring Data repository scanning in 11 ms. Found 0 Redis repository interfaces.
2021-08-22 00:40:08.104  INFO 2952 --- [main] o.s.b.w.embedded.tomcat.TomcatWebServer  : Tomcat initialized with port(s): 9000 (http)
2021-08-22 00:40:08.114  INFO 2952 --- [main] o.apache.catalina.core.StandardService   : Starting service [Tomcat]
2021-08-22 00:40:08.114  INFO 2952 --- [main] org.apache.catalina.core.StandardEngine  : Starting Servlet engine: [Apache Tomcat/9.0.41]
2021-08-22 00:40:08.197  INFO 2952 --- [main] o.a.c.c.C.[Tomcat].[localhost].[/]       : Initializing Spring embedded WebApplicationContext
2021-08-22 00:40:08.197  INFO 2952 --- [main] w.s.c.ServletWebServerApplicationContext : Root WebApplicationContext: initialization completed in 1915 ms
2021-08-22 00:40:09.396  INFO 2952 --- [main] o.s.b.d.a.OptionalLiveReloadServer       : LiveReload server is running on port 35729
2021-08-22 00:40:09.445  INFO 2952 --- [main] o.s.b.w.embedded.tomcat.TomcatWebServer  : Tomcat started on port(s): 9000 (http) with context path ''
2021-08-22 00:40:09.454  INFO 2952 --- [main] c.y.s.SpringbootJdbcMybatisApplication   : Started SpringbootJdbcMybatisApplication in 3.837 seconds (JVM running for 6.595)
2021-08-22 00:40:44.929  INFO 2952 --- [http-nio-9000-exec-1] o.a.c.c.C.[Tomcat].[localhost].[/]       : Initializing Spring DispatcherServlet 'dispatcherServlet'
2021-08-22 00:40:44.929  INFO 2952 --- [http-nio-9000-exec-1] o.s.web.servlet.DispatcherServlet        : Initializing Servlet 'dispatcherServlet'
2021-08-22 00:40:44.931  INFO 2952 --- [http-nio-9000-exec-1] o.s.web.servlet.DispatcherServlet        : Completed initialization in 2 ms
2021-08-22 00:40:45.040  INFO 2952 --- [http-nio-9000-exec-1] com.zaxxer.hikari.HikariDataSource       : HikariPool-1 - Starting...
2021-08-22 00:40:45.172  INFO 2952 --- [http-nio-9000-exec-1] com.zaxxer.hikari.HikariDataSource       : HikariPool-1 - Start completed.
2021-08-22 00:42:31.502  WARN 2952 --- [http-nio-9000-exec-2] o.m.s.mapper.ClassPathMapperScanner      : No MyBatis mapper was found in '[com.yu.springboot_jdbc_mybatis]' package. Please check your configuration.
2021-08-22 00:42:31.502  INFO 2952 --- [http-nio-9000-exec-2] .s.d.r.c.RepositoryConfigurationDelegate : Bootstrapping Spring Data Redis repositories in DEFAULT mode.
2021-08-22 00:42:31.507  INFO 2952 --- [http-nio-9000-exec-2] .s.d.r.c.RepositoryConfigurationDelegate : Finished Spring Data repository scanning in 5 ms. Found 0 Redis repository interfaces.
2021-08-22 00:45:44.866  WARN 2952 --- [http-nio-9000-exec-2] o.m.s.mapper.ClassPathMapperScanner      : No MyBatis mapper was found in '[com.yu.springboot_jdbc_mybatis]' package. Please check your configuration.
2021-08-22 00:45:44.866  INFO 2952 --- [http-nio-9000-exec-2] .s.d.r.c.RepositoryConfigurationDelegate : Bootstrapping Spring Data Redis repositories in DEFAULT mode.
2021-08-22 00:45:44.870  INFO 2952 --- [http-nio-9000-exec-2] .s.d.r.c.RepositoryConfigurationDelegate : Finished Spring Data repository scanning in 3 ms. Found 0 Redis repository interfaces.
2021-08-22 00:49:23.179  INFO 15996 --- [main] c.y.s.SpringbootJdbcMybatisApplication   : Starting SpringbootJdbcMybatisApplication using Java 1.8.0_144 on DESKTOP-HPCU0TI with PID 15996 (D:\springboot_jdbc_mybatis\target\classes started by Clara in D:\springboot_jdbc_mybatis)
2021-08-22 00:49:23.181  INFO 15996 --- [main] c.y.s.SpringbootJdbcMybatisApplication   : No active profile set, falling back to default profiles: default
2021-08-22 00:49:23.261  INFO 15996 --- [main] .e.DevToolsPropertyDefaultsPostProcessor : Devtools property defaults active! Set 'spring.devtools.add-properties' to 'false' to disable
2021-08-22 00:49:23.261  INFO 15996 --- [main] .e.DevToolsPropertyDefaultsPostProcessor : For additional web related logging consider setting the 'logging.level.web' property to 'DEBUG'
2021-08-22 00:49:24.082  INFO 15996 --- [main] .s.d.r.c.RepositoryConfigurationDelegate : Multiple Spring Data modules found, entering strict repository configuration mode!
2021-08-22 00:49:24.086  INFO 15996 --- [main] .s.d.r.c.RepositoryConfigurationDelegate : Bootstrapping Spring Data Redis repositories in DEFAULT mode.
2021-08-22 00:49:24.117  INFO 15996 --- [main] .s.d.r.c.RepositoryConfigurationDelegate : Finished Spring Data repository scanning in 11 ms. Found 0 Redis repository interfaces.
2021-08-22 00:49:25.088  INFO 15996 --- [main] o.s.b.w.embedded.tomcat.TomcatWebServer  : Tomcat initialized with port(s): 9000 (http)
2021-08-22 00:49:25.099  INFO 15996 --- [main] o.apache.catalina.core.StandardService   : Starting service [Tomcat]
2021-08-22 00:49:25.099  INFO 15996 --- [main] org.apache.catalina.core.StandardEngine  : Starting Servlet engine: [Apache Tomcat/9.0.41]
2021-08-22 00:49:25.186  INFO 15996 --- [main] o.a.c.c.C.[Tomcat].[localhost].[/]       : Initializing Spring embedded WebApplicationContext
2021-08-22 00:49:25.186  INFO 15996 --- [main] w.s.c.ServletWebServerApplicationContext : Root WebApplicationContext: initialization completed in 1923 ms
2021-08-22 00:49:26.366  INFO 15996 --- [main] o.s.b.d.a.OptionalLiveReloadServer       : LiveReload server is running on port 35729
2021-08-22 00:49:26.417  INFO 15996 --- [main] o.s.b.w.embedded.tomcat.TomcatWebServer  : Tomcat started on port(s): 9000 (http) with context path ''
2021-08-22 00:49:26.426  INFO 15996 --- [main] c.y.s.SpringbootJdbcMybatisApplication   : Started SpringbootJdbcMybatisApplication in 3.998 seconds (JVM running for 7.657)
2021-08-22 00:50:30.215  INFO 15996 --- [http-nio-9000-exec-1] o.a.c.c.C.[Tomcat].[localhost].[/]       : Initializing Spring DispatcherServlet 'dispatcherServlet'
2021-08-22 00:50:30.215  INFO 15996 --- [http-nio-9000-exec-1] o.s.web.servlet.DispatcherServlet        : Initializing Servlet 'dispatcherServlet'
2021-08-22 00:50:30.216  INFO 15996 --- [http-nio-9000-exec-1] o.s.web.servlet.DispatcherServlet        : Completed initialization in 1 ms
2021-08-22 00:50:30.277  INFO 15996 --- [http-nio-9000-exec-1] com.zaxxer.hikari.HikariDataSource       : HikariPool-1 - Starting...
2021-08-22 00:50:30.420  INFO 15996 --- [http-nio-9000-exec-1] com.zaxxer.hikari.HikariDataSource       : HikariPool-1 - Start completed.
2021-08-22 00:56:54.134  INFO 15996 --- [http-nio-9000-exec-4] .s.d.r.c.RepositoryConfigurationDelegate : Bootstrapping Spring Data Redis repositories in DEFAULT mode.
2021-08-22 00:56:54.151  INFO 15996 --- [http-nio-9000-exec-4] .s.d.r.c.RepositoryConfigurationDelegate : Finished Spring Data repository scanning in 16 ms. Found 0 Redis repository interfaces.
2021-08-22 00:56:54.158  WARN 15996 --- [http-nio-9000-exec-4] o.m.s.mapper.ClassPathMapperScanner      : No MyBatis mapper was found in '[com.yu.springboot_jdbc_mybatis]' package. Please check your configuration.
2021-08-22 00:57:26.632  INFO 11956 --- [main] c.y.s.SpringbootJdbcMybatisApplication   : Starting SpringbootJdbcMybatisApplication using Java 1.8.0_144 on DESKTOP-HPCU0TI with PID 11956 (D:\springboot_jdbc_mybatis\target\classes started by Clara in D:\springboot_jdbc_mybatis)
2021-08-22 00:57:26.634  INFO 11956 --- [main] c.y.s.SpringbootJdbcMybatisApplication   : No active profile set, falling back to default profiles: default
2021-08-22 00:57:26.693  INFO 11956 --- [main] .e.DevToolsPropertyDefaultsPostProcessor : Devtools property defaults active! Set 'spring.devtools.add-properties' to 'false' to disable
2021-08-22 00:57:26.694  INFO 11956 --- [main] .e.DevToolsPropertyDefaultsPostProcessor : For additional web related logging consider setting the 'logging.level.web' property to 'DEBUG'
2021-08-22 00:57:27.372  INFO 11956 --- [main] .s.d.r.c.RepositoryConfigurationDelegate : Multiple Spring Data modules found, entering strict repository configuration mode!
2021-08-22 00:57:27.375  INFO 11956 --- [main] .s.d.r.c.RepositoryConfigurationDelegate : Bootstrapping Spring Data Redis repositories in DEFAULT mode.
2021-08-22 00:57:27.410  INFO 11956 --- [main] .s.d.r.c.RepositoryConfigurationDelegate : Finished Spring Data repository scanning in 13 ms. Found 0 Redis repository interfaces.
2021-08-22 00:57:28.521  INFO 11956 --- [main] o.s.b.w.embedded.tomcat.TomcatWebServer  : Tomcat initialized with port(s): 9000 (http)
2021-08-22 00:57:28.535  INFO 11956 --- [main] o.apache.catalina.core.StandardService   : Starting service [Tomcat]
2021-08-22 00:57:28.535  INFO 11956 --- [main] org.apache.catalina.core.StandardEngine  : Starting Servlet engine: [Apache Tomcat/9.0.41]
2021-08-22 00:57:28.633  INFO 11956 --- [main] o.a.c.c.C.[Tomcat].[localhost].[/]       : Initializing Spring embedded WebApplicationContext
2021-08-22 00:57:28.633  INFO 11956 --- [main] w.s.c.ServletWebServerApplicationContext : Root WebApplicationContext: initialization completed in 1938 ms
2021-08-22 00:57:29.913  INFO 11956 --- [main] o.s.b.d.a.OptionalLiveReloadServer       : LiveReload server is running on port 35729
2021-08-22 00:57:29.968  INFO 11956 --- [main] o.s.b.w.embedded.tomcat.TomcatWebServer  : Tomcat started on port(s): 9000 (http) with context path ''
2021-08-22 00:57:29.980  INFO 11956 --- [main] c.y.s.SpringbootJdbcMybatisApplication   : Started SpringbootJdbcMybatisApplication in 4.099 seconds (JVM running for 7.161)
2021-08-22 00:57:51.645  INFO 11956 --- [File Watcher] .s.d.r.c.RepositoryConfigurationDelegate : Bootstrapping Spring Data Redis repositories in DEFAULT mode.
2021-08-22 00:57:51.652  INFO 11956 --- [File Watcher] .s.d.r.c.RepositoryConfigurationDelegate : Finished Spring Data repository scanning in 5 ms. Found 0 Redis repository interfaces.
2021-08-22 00:57:51.660  WARN 11956 --- [File Watcher] o.m.s.mapper.ClassPathMapperScanner      : No MyBatis mapper was found in '[com.yu.springboot_jdbc_mybatis]' package. Please check your configuration.
2021-08-22 00:58:02.749  INFO 11956 --- [http-nio-9000-exec-1] .s.d.r.c.RepositoryConfigurationDelegate : Bootstrapping Spring Data Redis repositories in DEFAULT mode.
2021-08-22 00:58:02.757  INFO 11956 --- [http-nio-9000-exec-1] .s.d.r.c.RepositoryConfigurationDelegate : Finished Spring Data repository scanning in 7 ms. Found 0 Redis repository interfaces.
2021-08-22 00:58:02.766  WARN 11956 --- [http-nio-9000-exec-1] o.m.s.mapper.ClassPathMapperScanner      : No MyBatis mapper was found in '[com.yu.springboot_jdbc_mybatis]' package. Please check your configuration.
2021-08-22 00:58:02.779  INFO 11956 --- [http-nio-9000-exec-1] o.a.c.c.C.[Tomcat].[localhost].[/]       : Initializing Spring DispatcherServlet 'dispatcherServlet'
2021-08-22 00:58:02.779  INFO 11956 --- [http-nio-9000-exec-1] o.s.web.servlet.DispatcherServlet        : Initializing Servlet 'dispatcherServlet'
2021-08-22 00:58:02.781  INFO 11956 --- [http-nio-9000-exec-1] o.s.web.servlet.DispatcherServlet        : Completed initialization in 1 ms
2021-08-22 00:58:02.930  INFO 11956 --- [http-nio-9000-exec-1] com.zaxxer.hikari.HikariDataSource       : HikariPool-1 - Starting...
2021-08-22 00:58:03.092  INFO 11956 --- [http-nio-9000-exec-1] com.zaxxer.hikari.HikariDataSource       : HikariPool-1 - Start completed.
2021-08-22 01:03:34.211  INFO 9704 --- [main] c.y.s.SpringbootJdbcMybatisApplication   : Starting SpringbootJdbcMybatisApplication using Java 1.8.0_144 on DESKTOP-HPCU0TI with PID 9704 (D:\springboot_jdbc_mybatis\target\classes started by Clara in D:\springboot_jdbc_mybatis)
2021-08-22 01:03:34.213  INFO 9704 --- [main] c.y.s.SpringbootJdbcMybatisApplication   : No active profile set, falling back to default profiles: default
2021-08-22 01:03:34.287  INFO 9704 --- [main] .e.DevToolsPropertyDefaultsPostProcessor : Devtools property defaults active! Set 'spring.devtools.add-properties' to 'false' to disable
2021-08-22 01:03:34.287  INFO 9704 --- [main] .e.DevToolsPropertyDefaultsPostProcessor : For additional web related logging consider setting the 'logging.level.web' property to 'DEBUG'
2021-08-22 01:03:35.133  INFO 9704 --- [main] .s.d.r.c.RepositoryConfigurationDelegate : Multiple Spring Data modules found, entering strict repository configuration mode!
2021-08-22 01:03:35.137  INFO 9704 --- [main] .s.d.r.c.RepositoryConfigurationDelegate : Bootstrapping Spring Data Redis repositories in DEFAULT mode.
2021-08-22 01:03:35.171  INFO 9704 --- [main] .s.d.r.c.RepositoryConfigurationDelegate : Finished Spring Data repository scanning in 13 ms. Found 0 Redis repository interfaces.
2021-08-22 01:03:36.208  INFO 9704 --- [main] o.s.b.w.embedded.tomcat.TomcatWebServer  : Tomcat initialized with port(s): 9000 (http)
2021-08-22 01:03:36.220  INFO 9704 --- [main] o.apache.catalina.core.StandardService   : Starting service [Tomcat]
2021-08-22 01:03:36.221  INFO 9704 --- [main] org.apache.catalina.core.StandardEngine  : Starting Servlet engine: [Apache Tomcat/9.0.41]
2021-08-22 01:03:36.333  INFO 9704 --- [main] o.a.c.c.C.[Tomcat].[localhost].[/]       : Initializing Spring embedded WebApplicationContext
2021-08-22 01:03:36.334  INFO 9704 --- [main] w.s.c.ServletWebServerApplicationContext : Root WebApplicationContext: initialization completed in 2045 ms
2021-08-22 01:03:37.673  INFO 9704 --- [main] o.s.b.d.a.OptionalLiveReloadServer       : LiveReload server is running on port 35729
2021-08-22 01:03:37.720  INFO 9704 --- [main] o.s.b.w.embedded.tomcat.TomcatWebServer  : Tomcat started on port(s): 9000 (http) with context path ''
2021-08-22 01:03:37.730  INFO 9704 --- [main] c.y.s.SpringbootJdbcMybatisApplication   : Started SpringbootJdbcMybatisApplication in 4.193 seconds (JVM running for 7.806)
2021-08-22 01:03:45.284  INFO 9704 --- [http-nio-9000-exec-4] o.a.c.c.C.[Tomcat].[localhost].[/]       : Initializing Spring DispatcherServlet 'dispatcherServlet'
2021-08-22 01:03:45.284  INFO 9704 --- [http-nio-9000-exec-4] o.s.web.servlet.DispatcherServlet        : Initializing Servlet 'dispatcherServlet'
2021-08-22 01:03:45.286  INFO 9704 --- [http-nio-9000-exec-4] o.s.web.servlet.DispatcherServlet        : Completed initialization in 1 ms
2021-08-22 01:03:45.369  INFO 9704 --- [http-nio-9000-exec-8] com.zaxxer.hikari.HikariDataSource       : HikariPool-1 - Starting...
2021-08-22 01:03:45.536  INFO 9704 --- [http-nio-9000-exec-8] com.zaxxer.hikari.HikariDataSource       : HikariPool-1 - Start completed.
2021-08-22 01:06:56.335  INFO 21832 --- [main] c.y.s.SpringbootJdbcMybatisApplication   : Starting SpringbootJdbcMybatisApplication using Java 1.8.0_144 on DESKTOP-HPCU0TI with PID 21832 (D:\springboot_jdbc_mybatis\target\classes started by Clara in D:\springboot_jdbc_mybatis)
2021-08-22 01:06:56.337  INFO 21832 --- [main] c.y.s.SpringbootJdbcMybatisApplication   : No active profile set, falling back to default profiles: default
2021-08-22 01:06:56.394  INFO 21832 --- [main] .e.DevToolsPropertyDefaultsPostProcessor : Devtools property defaults active! Set 'spring.devtools.add-properties' to 'false' to disable
2021-08-22 01:06:56.394  INFO 21832 --- [main] .e.DevToolsPropertyDefaultsPostProcessor : For additional web related logging consider setting the 'logging.level.web' property to 'DEBUG'
2021-08-22 01:06:57.051  INFO 21832 --- [main] .s.d.r.c.RepositoryConfigurationDelegate : Multiple Spring Data modules found, entering strict repository configuration mode!
2021-08-22 01:06:57.054  INFO 21832 --- [main] .s.d.r.c.RepositoryConfigurationDelegate : Bootstrapping Spring Data Redis repositories in DEFAULT mode.
2021-08-22 01:06:57.081  INFO 21832 --- [main] .s.d.r.c.RepositoryConfigurationDelegate : Finished Spring Data repository scanning in 10 ms. Found 0 Redis repository interfaces.
2021-08-22 01:06:57.984  INFO 21832 --- [main] o.s.b.w.embedded.tomcat.TomcatWebServer  : Tomcat initialized with port(s): 9000 (http)
2021-08-22 01:06:57.995  INFO 21832 --- [main] o.apache.catalina.core.StandardService   : Starting service [Tomcat]
2021-08-22 01:06:57.995  INFO 21832 --- [main] org.apache.catalina.core.StandardEngine  : Starting Servlet engine: [Apache Tomcat/9.0.41]
2021-08-22 01:06:58.080  INFO 21832 --- [main] o.a.c.c.C.[Tomcat].[localhost].[/]       : Initializing Spring embedded WebApplicationContext
2021-08-22 01:06:58.080  INFO 21832 --- [main] w.s.c.ServletWebServerApplicationContext : Root WebApplicationContext: initialization completed in 1685 ms
2021-08-22 01:06:59.291  INFO 21832 --- [main] o.s.b.d.a.OptionalLiveReloadServer       : LiveReload server is running on port 35729
2021-08-22 01:06:59.339  INFO 21832 --- [main] o.s.b.w.embedded.tomcat.TomcatWebServer  : Tomcat started on port(s): 9000 (http) with context path ''
2021-08-22 01:06:59.348  INFO 21832 --- [main] c.y.s.SpringbootJdbcMybatisApplication   : Started SpringbootJdbcMybatisApplication in 3.715 seconds (JVM running for 7.21)
2021-08-22 01:07:04.138  INFO 21832 --- [http-nio-9000-exec-1] o.a.c.c.C.[Tomcat].[localhost].[/]       : Initializing Spring DispatcherServlet 'dispatcherServlet'
2021-08-22 01:07:04.138  INFO 21832 --- [http-nio-9000-exec-1] o.s.web.servlet.DispatcherServlet        : Initializing Servlet 'dispatcherServlet'
2021-08-22 01:07:04.139  INFO 21832 --- [http-nio-9000-exec-1] o.s.web.servlet.DispatcherServlet        : Completed initialization in 1 ms
2021-08-22 01:07:04.249  INFO 21832 --- [http-nio-9000-exec-1] com.zaxxer.hikari.HikariDataSource       : HikariPool-1 - Starting...
2021-08-22 01:07:04.449  INFO 21832 --- [http-nio-9000-exec-1] com.zaxxer.hikari.HikariDataSource       : HikariPool-1 - Start completed.
2021-08-22 01:12:04.170  WARN 21832 --- [http-nio-9000-exec-3] o.m.s.mapper.ClassPathMapperScanner      : No MyBatis mapper was found in '[com.yu.springboot_jdbc_mybatis]' package. Please check your configuration.
2021-08-22 01:12:04.174  INFO 21832 --- [http-nio-9000-exec-3] .s.d.r.c.RepositoryConfigurationDelegate : Bootstrapping Spring Data Redis repositories in DEFAULT mode.
2021-08-22 01:12:04.180  INFO 21832 --- [http-nio-9000-exec-3] .s.d.r.c.RepositoryConfigurationDelegate : Finished Spring Data repository scanning in 5 ms. Found 0 Redis repository interfaces.
2021-08-22 01:13:06.774  WARN 21832 --- [http-nio-9000-exec-9] o.m.s.mapper.ClassPathMapperScanner      : No MyBatis mapper was found in '[com.yu.springboot_jdbc_mybatis]' package. Please check your configuration.
2021-08-22 01:13:06.778  INFO 21832 --- [http-nio-9000-exec-9] .s.d.r.c.RepositoryConfigurationDelegate : Bootstrapping Spring Data Redis repositories in DEFAULT mode.
2021-08-22 01:13:06.783  INFO 21832 --- [http-nio-9000-exec-9] .s.d.r.c.RepositoryConfigurationDelegate : Finished Spring Data repository scanning in 4 ms. Found 0 Redis repository interfaces.
2021-08-22 01:13:49.402  WARN 21832 --- [http-nio-9000-exec-6] o.m.s.mapper.ClassPathMapperScanner      : No MyBatis mapper was found in '[com.yu.springboot_jdbc_mybatis]' package. Please check your configuration.
2021-08-22 01:13:49.405  INFO 21832 --- [http-nio-9000-exec-6] .s.d.r.c.RepositoryConfigurationDelegate : Bootstrapping Spring Data Redis repositories in DEFAULT mode.
2021-08-22 01:13:49.410  INFO 21832 --- [http-nio-9000-exec-6] .s.d.r.c.RepositoryConfigurationDelegate : Finished Spring Data repository scanning in 4 ms. Found 0 Redis repository interfaces.
2021-08-22 01:14:47.943  INFO 7640 --- [main] c.y.s.SpringbootJdbcMybatisApplication   : Starting SpringbootJdbcMybatisApplication using Java 1.8.0_144 on DESKTOP-HPCU0TI with PID 7640 (D:\springboot_jdbc_mybatis\target\classes started by Clara in D:\springboot_jdbc_mybatis)
2021-08-22 01:14:47.944  INFO 7640 --- [main] c.y.s.SpringbootJdbcMybatisApplication   : No active profile set, falling back to default profiles: default
2021-08-22 01:14:47.998  INFO 7640 --- [main] .e.DevToolsPropertyDefaultsPostProcessor : Devtools property defaults active! Set 'spring.devtools.add-properties' to 'false' to disable
2021-08-22 01:14:47.998  INFO 7640 --- [main] .e.DevToolsPropertyDefaultsPostProcessor : For additional web related logging consider setting the 'logging.level.web' property to 'DEBUG'
2021-08-22 01:14:48.715  INFO 7640 --- [main] .s.d.r.c.RepositoryConfigurationDelegate : Multiple Spring Data modules found, entering strict repository configuration mode!
2021-08-22 01:14:48.718  INFO 7640 --- [main] .s.d.r.c.RepositoryConfigurationDelegate : Bootstrapping Spring Data Redis repositories in DEFAULT mode.
2021-08-22 01:14:48.745  INFO 7640 --- [main] .s.d.r.c.RepositoryConfigurationDelegate : Finished Spring Data repository scanning in 11 ms. Found 0 Redis repository interfaces.
2021-08-22 01:14:49.685  INFO 7640 --- [main] o.s.b.w.embedded.tomcat.TomcatWebServer  : Tomcat initialized with port(s): 9000 (http)
2021-08-22 01:14:49.697  INFO 7640 --- [main] o.apache.catalina.core.StandardService   : Starting service [Tomcat]
2021-08-22 01:14:49.697  INFO 7640 --- [main] org.apache.catalina.core.StandardEngine  : Starting Servlet engine: [Apache Tomcat/9.0.41]
2021-08-22 01:14:49.790  INFO 7640 --- [main] o.a.c.c.C.[Tomcat].[localhost].[/]       : Initializing Spring embedded WebApplicationContext
2021-08-22 01:14:49.790  INFO 7640 --- [main] w.s.c.ServletWebServerApplicationContext : Root WebApplicationContext: initialization completed in 1791 ms
2021-08-22 01:14:50.993  INFO 7640 --- [main] o.s.b.d.a.OptionalLiveReloadServer       : LiveReload server is running on port 35729
2021-08-22 01:14:51.040  INFO 7640 --- [main] o.s.b.w.embedded.tomcat.TomcatWebServer  : Tomcat started on port(s): 9000 (http) with context path ''
2021-08-22 01:14:51.053  INFO 7640 --- [main] c.y.s.SpringbootJdbcMybatisApplication   : Started SpringbootJdbcMybatisApplication in 3.708 seconds (JVM running for 6.724)
2021-08-22 01:15:18.968  INFO 7640 --- [http-nio-9000-exec-1] o.a.c.c.C.[Tomcat].[localhost].[/]       : Initializing Spring DispatcherServlet 'dispatcherServlet'
2021-08-22 01:15:18.969  INFO 7640 --- [http-nio-9000-exec-1] o.s.web.servlet.DispatcherServlet        : Initializing Servlet 'dispatcherServlet'
2021-08-22 01:15:18.970  INFO 7640 --- [http-nio-9000-exec-1] o.s.web.servlet.DispatcherServlet        : Completed initialization in 1 ms
2021-08-22 01:15:19.087  INFO 7640 --- [http-nio-9000-exec-1] com.zaxxer.hikari.HikariDataSource       : HikariPool-1 - Starting...
2021-08-22 01:15:19.222  INFO 7640 --- [http-nio-9000-exec-1] com.zaxxer.hikari.HikariDataSource       : HikariPool-1 - Start completed.
2021-08-22 01:16:35.116  INFO 3152 --- [main] c.y.s.SpringbootJdbcMybatisApplication   : Starting SpringbootJdbcMybatisApplication using Java 1.8.0_144 on DESKTOP-HPCU0TI with PID 3152 (D:\springboot_jdbc_mybatis\target\classes started by Clara in D:\springboot_jdbc_mybatis)
2021-08-22 01:16:35.118  INFO 3152 --- [main] c.y.s.SpringbootJdbcMybatisApplication   : No active profile set, falling back to default profiles: default
2021-08-22 01:16:35.169  INFO 3152 --- [main] .e.DevToolsPropertyDefaultsPostProcessor : Devtools property defaults active! Set 'spring.devtools.add-properties' to 'false' to disable
2021-08-22 01:16:35.169  INFO 3152 --- [main] .e.DevToolsPropertyDefaultsPostProcessor : For additional web related logging consider setting the 'logging.level.web' property to 'DEBUG'
2021-08-22 01:16:35.790  INFO 3152 --- [main] .s.d.r.c.RepositoryConfigurationDelegate : Multiple Spring Data modules found, entering strict repository configuration mode!
2021-08-22 01:16:35.793  INFO 3152 --- [main] .s.d.r.c.RepositoryConfigurationDelegate : Bootstrapping Spring Data Redis repositories in DEFAULT mode.
2021-08-22 01:16:35.817  INFO 3152 --- [main] .s.d.r.c.RepositoryConfigurationDelegate : Finished Spring Data repository scanning in 10 ms. Found 0 Redis repository interfaces.
2021-08-22 01:16:36.753  INFO 3152 --- [main] o.s.b.w.embedded.tomcat.TomcatWebServer  : Tomcat initialized with port(s): 9000 (http)
2021-08-22 01:16:36.764  INFO 3152 --- [main] o.apache.catalina.core.StandardService   : Starting service [Tomcat]
2021-08-22 01:16:36.764  INFO 3152 --- [main] org.apache.catalina.core.StandardEngine  : Starting Servlet engine: [Apache Tomcat/9.0.41]
2021-08-22 01:16:36.849  INFO 3152 --- [main] o.a.c.c.C.[Tomcat].[localhost].[/]       : Initializing Spring embedded WebApplicationContext
2021-08-22 01:16:36.849  INFO 3152 --- [main] w.s.c.ServletWebServerApplicationContext : Root WebApplicationContext: initialization completed in 1679 ms
2021-08-22 01:16:38.087  INFO 3152 --- [main] o.s.b.d.a.OptionalLiveReloadServer       : LiveReload server is running on port 35729
2021-08-22 01:16:38.134  INFO 3152 --- [main] o.s.b.w.embedded.tomcat.TomcatWebServer  : Tomcat started on port(s): 9000 (http) with context path ''
2021-08-22 01:16:38.144  INFO 3152 --- [main] c.y.s.SpringbootJdbcMybatisApplication   : Started SpringbootJdbcMybatisApplication in 3.657 seconds (JVM running for 6.805)
2021-08-22 01:16:57.975  INFO 3152 --- [http-nio-9000-exec-1] o.a.c.c.C.[Tomcat].[localhost].[/]       : Initializing Spring DispatcherServlet 'dispatcherServlet'
2021-08-22 01:16:57.975  INFO 3152 --- [http-nio-9000-exec-1] o.s.web.servlet.DispatcherServlet        : Initializing Servlet 'dispatcherServlet'
2021-08-22 01:16:57.977  INFO 3152 --- [http-nio-9000-exec-1] o.s.web.servlet.DispatcherServlet        : Completed initialization in 2 ms
2021-08-22 01:16:58.087  INFO 3152 --- [http-nio-9000-exec-1] com.zaxxer.hikari.HikariDataSource       : HikariPool-1 - Starting...
2021-08-22 01:16:58.222  INFO 3152 --- [http-nio-9000-exec-1] com.zaxxer.hikari.HikariDataSource       : HikariPool-1 - Start completed.
